2017-09-11 15:20:07,908 [Worker-1] INFO  c.g.t.t.d.PublishedGradleVersions - Gradle version information cache is up-to-date. Trying to read.
2017-09-12 14:02:45,812 [Worker-0] INFO  c.g.t.t.d.PublishedGradleVersions - Gradle version information cache is up-to-date. Trying to read.
2017-09-13 09:48:13,255 [Worker-1] INFO  c.g.t.t.d.PublishedGradleVersions - Gradle version information cache is up-to-date. Trying to read.
2017-09-13 14:38:30,976 [Worker-3] INFO  c.g.t.t.d.PublishedGradleVersions - Gradle version information cache is up-to-date. Trying to read.
2017-09-14 14:02:55,584 [Worker-0] INFO  c.g.t.t.d.PublishedGradleVersions - Gradle version information cache is up-to-date. Trying to read.
2017-09-16 10:40:32,757 [Worker-1] INFO  c.g.t.t.d.PublishedGradleVersions - Gradle version information cache is up-to-date. Trying to read.
2017-09-17 11:05:48,317 [Worker-2] INFO  c.g.t.t.d.PublishedGradleVersions - Gradle version information cache is out-of-date. Trying to update.
2017-09-17 14:37:34,744 [main] WARN  o.e.r.c.r.p.ProcessableProposalFactory - Wrapping JDT proposal 'class org.eclipse.jdt.internal.ui.text.java.MethodDeclarationCompletionProposal' ('CreateLocationHandler() - Constructor') failed. Returning original proposal instead.
java.lang.IllegalArgumentException: No type found
	at org.eclipse.recommenders.utils.Throws.throwIllegalArgumentException(Throws.java:24) ~[org.eclipse.recommenders.utils_2.2.0.v20150609-1848.jar:na]
	at org.eclipse.recommenders.completion.rcp.processable.ProcessableProposalFactory.newMethodDeclarationCompletionProposal(ProcessableProposalFactory.java:386) ~[org.eclipse.recommenders.completion.rcp_2.2.0.v20150609-1848.jar:na]
	at org.eclipse.recommenders.completion.rcp.processable.ProcessableProposalFactory.create(ProcessableProposalFactory.java:219) ~[org.eclipse.recommenders.completion.rcp_2.2.0.v20150609-1848.jar:na]
	at org.eclipse.recommenders.completion.rcp.processable.IntelligentCompletionProposalComputer.computeCompletionProposals(IntelligentCompletionProposalComputer.java:138) [org.eclipse.recommenders.completion.rcp_2.2.0.v20150609-1848.jar:na]
	at org.eclipse.jdt.internal.ui.text.java.CompletionProposalComputerDescriptor.computeCompletionProposals(CompletionProposalComputerDescriptor.java:333) [org.eclipse.jdt.ui_3.11.2.v20151123-1510.jar:na]
	at org.eclipse.jdt.internal.ui.text.java.CompletionProposalCategory.computeCompletionProposals(CompletionProposalCategory.java:337) [org.eclipse.jdt.ui_3.11.2.v20151123-1510.jar:na]
	at org.eclipse.jdt.internal.ui.text.java.ContentAssistProcessor.collectProposals(ContentAssistProcessor.java:322) [org.eclipse.jdt.ui_3.11.2.v20151123-1510.jar:na]
	at org.eclipse.jdt.internal.ui.text.java.ContentAssistProcessor.computeCompletionProposals(ContentAssistProcessor.java:279) [org.eclipse.jdt.ui_3.11.2.v20151123-1510.jar:na]
	at org.eclipse.jface.text.contentassist.ContentAssistant$5.run(ContentAssistant.java:1904) [org.eclipse.jface.text_3.10.0.v20150603-1752.jar:na]
	at org.eclipse.core.runtime.SafeRunner.run(SafeRunner.java:42) [org.eclipse.equinox.common_3.7.0.v20150402-1709.jar:na]
	at org.eclipse.jface.text.contentassist.ContentAssistant.computeCompletionProposals(ContentAssistant.java:1902) [org.eclipse.jface.text_3.10.0.v20150603-1752.jar:na]
	at org.eclipse.jface.text.contentassist.CompletionProposalPopup.computeProposals(CompletionProposalPopup.java:573) [org.eclipse.jface.text_3.10.0.v20150603-1752.jar:na]
	at org.eclipse.jface.text.contentassist.CompletionProposalPopup.access$16(CompletionProposalPopup.java:570) [org.eclipse.jface.text_3.10.0.v20150603-1752.jar:na]
	at org.eclipse.jface.text.contentassist.CompletionProposalPopup$2.run(CompletionProposalPopup.java:505) [org.eclipse.jface.text_3.10.0.v20150603-1752.jar:na]
	at org.eclipse.swt.custom.BusyIndicator.showWhile(BusyIndicator.java:70) [org.eclipse.swt.win32.win32.x86_64_3.104.0.v20150528-0211.jar:na]
	at org.eclipse.jface.text.contentassist.CompletionProposalPopup.showProposals(CompletionProposalPopup.java:499) [org.eclipse.jface.text_3.10.0.v20150603-1752.jar:na]
	at org.eclipse.jface.text.contentassist.ContentAssistant.showPossibleCompletions(ContentAssistant.java:1720) [org.eclipse.jface.text_3.10.0.v20150603-1752.jar:na]
	at org.eclipse.jdt.internal.ui.javaeditor.CompilationUnitEditor$AdaptedSourceViewer.doOperation(CompilationUnitEditor.java:180) [org.eclipse.jdt.ui_3.11.2.v20151123-1510.jar:na]
	at org.eclipse.ui.texteditor.ContentAssistAction$1.run(ContentAssistAction.java:82) [org.eclipse.ui.workbench.texteditor_3.9.100.v20141023-1946.jar:na]
	at org.eclipse.swt.custom.BusyIndicator.showWhile(BusyIndicator.java:70) [org.eclipse.swt.win32.win32.x86_64_3.104.0.v20150528-0211.jar:na]
	at org.eclipse.ui.texteditor.ContentAssistAction.run(ContentAssistAction.java:80) [org.eclipse.ui.workbench.texteditor_3.9.100.v20141023-1946.jar:na]
	at org.eclipse.jface.action.Action.runWithEvent(Action.java:473) [org.eclipse.jface_3.11.0.v20150602-1400.jar:na]
	at org.eclipse.jface.commands.ActionHandler.execute(ActionHandler.java:122) [org.eclipse.jface_3.11.0.v20150602-1400.jar:na]
	at org.eclipse.ui.internal.handlers.E4HandlerProxy.execute(E4HandlerProxy.java:90) [org.eclipse.ui.workbench_3.107.0.v20150510-1732.jar:na]
	at sun.reflect.GeneratedMethodAccessor64.invoke(Unknown Source) ~[na:na]
	at sun.reflect.DelegatingMethodAccessorImpl.invoke(Unknown Source) ~[na:1.8.0_141]
	at java.lang.reflect.Method.invoke(Unknown Source) ~[na:1.8.0_141]
	at org.eclipse.e4.core.internal.di.MethodRequestor.execute(MethodRequestor.java:56) [org.eclipse.e4.core.di_1.5.0.v20150421-2214.jar:na]
	at org.eclipse.e4.core.internal.di.InjectorImpl.invokeUsingClass(InjectorImpl.java:252) [org.eclipse.e4.core.di_1.5.0.v20150421-2214.jar:na]
	at org.eclipse.e4.core.internal.di.InjectorImpl.invoke(InjectorImpl.java:234) [org.eclipse.e4.core.di_1.5.0.v20150421-2214.jar:na]
	at org.eclipse.e4.core.contexts.ContextInjectionFactory.invoke(ContextInjectionFactory.java:132) [org.eclipse.e4.core.contexts_1.4.0.v20150421-2214.jar:na]
	at org.eclipse.e4.core.commands.internal.HandlerServiceHandler.execute(HandlerServiceHandler.java:152) [org.eclipse.e4.core.commands_0.11.0.v20150422-0725.jar:na]
	at org.eclipse.core.commands.Command.executeWithChecks(Command.java:493) [org.eclipse.core.commands_3.7.0.v20150422-0725.jar:na]
	at org.eclipse.core.commands.ParameterizedCommand.executeWithChecks(ParameterizedCommand.java:486) [org.eclipse.core.commands_3.7.0.v20150422-0725.jar:na]
	at org.eclipse.e4.core.commands.internal.HandlerServiceImpl.executeHandler(HandlerServiceImpl.java:210) [org.eclipse.e4.core.commands_0.11.0.v20150422-0725.jar:na]
	at org.eclipse.e4.ui.bindings.keys.KeyBindingDispatcher.executeCommand(KeyBindingDispatcher.java:286) [org.eclipse.e4.ui.bindings_0.11.0.v20150422-0725.jar:na]
	at org.eclipse.e4.ui.bindings.keys.KeyBindingDispatcher.press(KeyBindingDispatcher.java:507) [org.eclipse.e4.ui.bindings_0.11.0.v20150422-0725.jar:na]
	at org.eclipse.e4.ui.bindings.keys.KeyBindingDispatcher.processKeyEvent(KeyBindingDispatcher.java:558) [org.eclipse.e4.ui.bindings_0.11.0.v20150422-0725.jar:na]
	at org.eclipse.e4.ui.bindings.keys.KeyBindingDispatcher.filterKeySequenceBindings(KeyBindingDispatcher.java:378) [org.eclipse.e4.ui.bindings_0.11.0.v20150422-0725.jar:na]
	at org.eclipse.e4.ui.bindings.keys.KeyBindingDispatcher.access$0(KeyBindingDispatcher.java:324) [org.eclipse.e4.ui.bindings_0.11.0.v20150422-0725.jar:na]
	at org.eclipse.e4.ui.bindings.keys.KeyBindingDispatcher$KeyDownFilter.handleEvent(KeyBindingDispatcher.java:86) [org.eclipse.e4.ui.bindings_0.11.0.v20150422-0725.jar:na]
	at org.eclipse.swt.widgets.EventTable.sendEvent(EventTable.java:84) [org.eclipse.swt.win32.win32.x86_64_3.104.0.v20150528-0211.jar:na]
	at org.eclipse.swt.widgets.Display.filterEvent(Display.java:1266) [org.eclipse.swt.win32.win32.x86_64_3.104.0.v20150528-0211.jar:na]
	at org.eclipse.swt.widgets.Widget.sendEvent(Widget.java:1112) [org.eclipse.swt.win32.win32.x86_64_3.104.0.v20150528-0211.jar:na]
	at org.eclipse.swt.widgets.Widget.sendEvent(Widget.java:1137) [org.eclipse.swt.win32.win32.x86_64_3.104.0.v20150528-0211.jar:na]
	at org.eclipse.swt.widgets.Widget.sendEvent(Widget.java:1122) [org.eclipse.swt.win32.win32.x86_64_3.104.0.v20150528-0211.jar:na]
	at org.eclipse.swt.widgets.Widget.sendKeyEvent(Widget.java:1164) [org.eclipse.swt.win32.win32.x86_64_3.104.0.v20150528-0211.jar:na]
	at org.eclipse.swt.widgets.Widget.sendKeyEvent(Widget.java:1160) [org.eclipse.swt.win32.win32.x86_64_3.104.0.v20150528-0211.jar:na]
	at org.eclipse.swt.widgets.Widget.wmChar(Widget.java:1581) [org.eclipse.swt.win32.win32.x86_64_3.104.0.v20150528-0211.jar:na]
	at org.eclipse.swt.widgets.Control.WM_CHAR(Control.java:4781) [org.eclipse.swt.win32.win32.x86_64_3.104.0.v20150528-0211.jar:na]
	at org.eclipse.swt.widgets.Canvas.WM_CHAR(Canvas.java:343) [org.eclipse.swt.win32.win32.x86_64_3.104.0.v20150528-0211.jar:na]
	at org.eclipse.swt.widgets.Control.windowProc(Control.java:4662) [org.eclipse.swt.win32.win32.x86_64_3.104.0.v20150528-0211.jar:na]
	at org.eclipse.swt.widgets.Canvas.windowProc(Canvas.java:339) [org.eclipse.swt.win32.win32.x86_64_3.104.0.v20150528-0211.jar:na]
	at org.eclipse.swt.widgets.Display.windowProc(Display.java:5050) [org.eclipse.swt.win32.win32.x86_64_3.104.0.v20150528-0211.jar:na]
	at org.eclipse.swt.internal.win32.OS.DispatchMessageW(Native Method) [org.eclipse.swt.win32.win32.x86_64_3.104.0.v20150528-0211.jar:na]
	at org.eclipse.swt.internal.win32.OS.DispatchMessage(OS.java:2549) [org.eclipse.swt.win32.win32.x86_64_3.104.0.v20150528-0211.jar:na]
	at org.eclipse.swt.widgets.Display.readAndDispatch(Display.java:3767) [org.eclipse.swt.win32.win32.x86_64_3.104.0.v20150528-0211.jar:na]
	at org.eclipse.e4.ui.internal.workbench.swt.PartRenderingEngine$4.run(PartRenderingEngine.java:1127) [org.eclipse.e4.ui.workbench.swt_0.13.0.v20150504-0621.jar:na]
	at org.eclipse.core.databinding.observable.Realm.runWithDefault(Realm.java:337) [org.eclipse.core.databinding.observable_1.5.0.v20150422-0725.jar:na]
	at org.eclipse.e4.ui.internal.workbench.swt.PartRenderingEngine.run(PartRenderingEngine.java:1018) [org.eclipse.e4.ui.workbench.swt_0.13.0.v20150504-0621.jar:na]
	at org.eclipse.e4.ui.internal.workbench.E4Workbench.createAndRunUI(E4Workbench.java:156) [org.eclipse.e4.ui.workbench_1.3.0.v20150531-1948.jar:na]
	at org.eclipse.ui.internal.Workbench$5.run(Workbench.java:654) [org.eclipse.ui.workbench_3.107.0.v20150510-1732.jar:na]
	at org.eclipse.core.databinding.observable.Realm.runWithDefault(Realm.java:337) [org.eclipse.core.databinding.observable_1.5.0.v20150422-0725.jar:na]
	at org.eclipse.ui.internal.Workbench.createAndRunWorkbench(Workbench.java:598) [org.eclipse.ui.workbench_3.107.0.v20150510-1732.jar:na]
	at org.eclipse.ui.PlatformUI.createAndRunWorkbench(PlatformUI.java:150) [org.eclipse.ui.workbench_3.107.0.v20150510-1732.jar:na]
	at org.eclipse.ui.internal.ide.application.IDEApplication.start(IDEApplication.java:139) [org.eclipse.ui.ide.application_1.1.0.v20150422-0725.jar:na]
	at org.eclipse.equinox.internal.app.EclipseAppHandle.run(EclipseAppHandle.java:196) [org.eclipse.equinox.app_1.3.300.v20150423-1356.jar:na]
	at org.eclipse.core.runtime.internal.adaptor.EclipseAppLauncher.runApplication(EclipseAppLauncher.java:134) [org.eclipse.osgi_3.10.100.v20150529-1857.jar:na]
	at org.eclipse.core.runtime.internal.adaptor.EclipseAppLauncher.start(EclipseAppLauncher.java:104) [org.eclipse.osgi_3.10.100.v20150529-1857.jar:na]
	at org.eclipse.core.runtime.adaptor.EclipseStarter.run(EclipseStarter.java:380) [org.eclipse.osgi_3.10.100.v20150529-1857.jar:na]
	at org.eclipse.core.runtime.adaptor.EclipseStarter.run(EclipseStarter.java:235) [org.eclipse.osgi_3.10.100.v20150529-1857.jar:na]
	at sun.reflect.NativeMethodAccessorImpl.invoke0(Native Method) ~[na:1.8.0_141]
	at sun.reflect.NativeMethodAccessorImpl.invoke(Unknown Source) ~[na:1.8.0_141]
	at sun.reflect.DelegatingMethodAccessorImpl.invoke(Unknown Source) ~[na:1.8.0_141]
	at java.lang.reflect.Method.invoke(Unknown Source) ~[na:1.8.0_141]
	at org.eclipse.equinox.launcher.Main.invokeFramework(Main.java:669) [org.eclipse.equinox.launcher_1.3.100.v20150511-1540.jar:na]
	at org.eclipse.equinox.launcher.Main.basicRun(Main.java:608) [org.eclipse.equinox.launcher_1.3.100.v20150511-1540.jar:na]
	at org.eclipse.equinox.launcher.Main.run(Main.java:1515) [org.eclipse.equinox.launcher_1.3.100.v20150511-1540.jar:na]
	at org.eclipse.equinox.launcher.Main.main(Main.java:1488) [org.eclipse.equinox.launcher_1.3.100.v20150511-1540.jar:na]
